2012-11-09 18:31:02[SLOG INIT]current config of SLOG:log_level=1,log_file=./log/server.log,max_log_size=20(M),max_log_count=30,flush_size=1048576,flush_interval=2,config_update_interval=30.
2012-11-09 18:31:02[INFO]MTServerAppFramework[ID=1] is running...
2012-11-09 18:31:02[INFO]MTServerAppFramework[ID=2] is running...
2012-11-09 18:31:02[INFO]MTServerAppFramework[ID=3] is running...
2012-11-09 18:31:02[INFO]MTServerAppFramework[ID=4] is running...
2012-11-09 18:31:02[INFO]MTServerAppFramework[ID=0] is running...
2012-11-09 18:31:06[DEBUG][ListenHandler.cpp:on_readable(20)] ... on readable
2012-11-09 18:31:06[DEBUG]connect thread pool accept fd=22
2012-11-09 18:31:06[DEBUG]ThreadPool dispatch new task to Thread[ID=0,Addr=94f55b8]
2012-11-09 18:31:06[DEBUG]Thread[ID=0, Addr=94f55b8] add task
2012-11-09 18:31:06[DEBUG]Thread[ID=0, Addr=94f55b8] pipe fd=6 readable
2012-11-09 18:31:06[DEBUG][ConnectThread.cpp:on_notify_add_task(22)] ... Thread[ID=0,Addr=94f5588] do task
2012-11-09 18:31:06[DEBUG][ConnectThread.cpp:on_notify_add_task(26)] ... thread accept trans fd=22
2012-11-09 18:31:06[DEBUG][NetInterface.cpp:accept(66)] ... accept trans fd=22
2012-11-09 18:31:06[INFO][SocketManager.cpp:add_passive_trans_socket(91)] ... receive net connect from ip:127.0.0.1, fd=22
2012-11-09 18:31:06[DEBUG][SocketManager.cpp:new_trans_socket(35)] ... create TransSocket[954e33c] from trans_socket_memcache
2012-11-09 18:31:09[DEBUG]header decode succ. magic_num:520525529, sequence=-1, protocol_type:3, body_length:30
2012-11-09 18:31:09[INFO]Thread[id=0] receive ChunkPing protocol.ChunkId=chunk0, ChunkPort=3013, DiskSpace=123456789, DiskUsed=2342234
2012-11-09 18:31:09[DEBUG][Socket.cpp:send_buffer(349)] ... try to send 0 bytes data of socket fd=22
2012-11-09 18:31:09[DEBUG]header encode succ: magic_num:520525529, sequence=-1, protocol_type:4, body_length:4
2012-11-09 18:31:09[DEBUG][Socket.cpp:push_send_buffer(339)] ... total 20 bytes data waiting to send on socket fd=22
2012-11-09 18:31:09[DEBUG][Socket.cpp:send_buffer(349)] ... try to send 20 bytes data of socket fd=22
2012-11-09 18:31:09[INFO]server app on send protocol[details=ChunkPingResp Protocol] succ. fd=22, protocol=954ee80
2012-11-09 18:31:12[DEBUG]header decode succ. magic_num:520525529, sequence=-1, protocol_type:3, body_length:30
2012-11-09 18:31:12[INFO]Thread[id=0] receive ChunkPing protocol.ChunkId=chunk0, ChunkPort=3013, DiskSpace=123456789, DiskUsed=2342234
2012-11-09 18:31:12[DEBUG][Socket.cpp:send_buffer(349)] ... try to send 0 bytes data of socket fd=22
2012-11-09 18:31:12[DEBUG]header encode succ: magic_num:520525529, sequence=-1, protocol_type:4, body_length:4
2012-11-09 18:31:12[DEBUG][Socket.cpp:push_send_buffer(339)] ... total 20 bytes data waiting to send on socket fd=22
2012-11-09 18:31:12[DEBUG][Socket.cpp:send_buffer(349)] ... try to send 20 bytes data of socket fd=22
2012-11-09 18:31:12[INFO]server app on send protocol[details=ChunkPingResp Protocol] succ. fd=22, protocol=954ee68
2012-11-09 18:31:15[DEBUG]header decode succ. magic_num:520525529, sequence=-1, protocol_type:3, body_length:30
2012-11-09 18:31:15[INFO]Thread[id=0] receive ChunkPing protocol.ChunkId=chunk0, ChunkPort=3013, DiskSpace=123456789, DiskUsed=2342234
2012-11-09 18:31:15[DEBUG][Socket.cpp:send_buffer(349)] ... try to send 0 bytes data of socket fd=22
2012-11-09 18:31:15[DEBUG]header encode succ: magic_num:520525529, sequence=-1, protocol_type:4, body_length:4
2012-11-09 18:31:15[DEBUG][Socket.cpp:push_send_buffer(339)] ... total 20 bytes data waiting to send on socket fd=22
2012-11-09 18:31:15[DEBUG][Socket.cpp:send_buffer(349)] ... try to send 20 bytes data of socket fd=22
2012-11-09 18:31:15[INFO]server app on send protocol[details=ChunkPingResp Protocol] succ. fd=22, protocol=954f6b0
2012-11-09 18:31:19[DEBUG]header decode succ. magic_num:520525529, sequence=-1, protocol_type:3, body_length:30
2012-11-09 18:31:19[INFO]Thread[id=0] receive ChunkPing protocol.ChunkId=chunk0, ChunkPort=3013, DiskSpace=123456789, DiskUsed=2342234
2012-11-09 18:31:19[DEBUG][Socket.cpp:send_buffer(349)] ... try to send 0 bytes data of socket fd=22
2012-11-09 18:31:19[DEBUG]header encode succ: magic_num:520525529, sequence=-1, protocol_type:4, body_length:4
2012-11-09 18:31:19[DEBUG][Socket.cpp:push_send_buffer(339)] ... total 20 bytes data waiting to send on socket fd=22
2012-11-09 18:31:19[DEBUG][Socket.cpp:send_buffer(349)] ... try to send 20 bytes data of socket fd=22
2012-11-09 18:31:19[INFO]server app on send protocol[details=ChunkPingResp Protocol] succ. fd=22, protocol=951dba8
